<testsuites id="" name="" tests="5" failures="5" skipped="0" errors="0" time="79.542736">
<testsuite name="auth-smoke.spec.ts" timestamp="2025-09-18T23:11:46.854Z" hostname="chromium" tests="1" failures="1" skipped="0" time="37.142" errors="0">
<testcase name="login → whoami → no orchestrator crash" classname="auth-smoke.spec.ts" time="37.142">
<failure message="auth-smoke.spec.ts:3:5 login → whoami → no orchestrator crash" type="FAILURE">
<![CDATA[  [chromium] › auth-smoke.spec.ts:3:5 › login → whoami → no orchestrator crash ─────────────────────

    Test timeout of 30000ms exceeded.

    Error: locator.click: Test timeout of 30000ms exceeded.
    Call log:
      - waiting for getByRole('button', { name: /log in/i })


       9 |     await page.getByLabel(/username/i).fill('admin');
      10 |     await page.getByLabel(/password/i).fill('ChangeMe!');
    > 11 |     await page.getByRole('button', { name: /log in/i }).click();
         |                                                         ^
      12 |
      13 |     await page.waitForURL(/dashboard|chat|\/$/, { timeout: 15000 });
      14 |
        at /Users/kingal/2025/GesahniV2/frontend/e2e/auth-smoke.spec.ts:11:57

    attachment #1: screenshot (image/png) ──────────────────────────────────────────────────────────
    ../test-results/auth-smoke-login-→-whoami-→-no-orchestrator-crash-chromium/test-failed-1.png
    ────────────────────────────────────────────────────────────────────────────────────────────────

    attachment #2: video (video/webm) ──────────────────────────────────────────────────────────────
    ../test-results/auth-smoke-login-→-whoami-→-no-orchestrator-crash-chromium/video.webm
    ────────────────────────────────────────────────────────────────────────────────────────────────

    Error Context: ../test-results/auth-smoke-login-→-whoami-→-no-orchestrator-crash-chromium/error-context.md

    attachment #4: trace (application/zip) ─────────────────────────────────────────────────────────
    ../test-results/auth-smoke-login-→-whoami-→-no-orchestrator-crash-chromium/trace.zip
    Usage:

        npx playwright show-trace ../test-results/auth-smoke-login-→-whoami-→-no-orchestrator-crash-chromium/trace.zip

    ────────────────────────────────────────────────────────────────────────────────────────────────
]]>
</failure>
<system-out>
<![CDATA[
[[ATTACHMENT|test-results/auth-smoke-login-→-whoami-→-no-orchestrator-crash-chromium/test-failed-1.png]]

[[ATTACHMENT|test-results/auth-smoke-login-→-whoami-→-no-orchestrator-crash-chromium/video.webm]]

[[ATTACHMENT|test-results/auth-smoke-login-→-whoami-→-no-orchestrator-crash-chromium/error-context.md]]

[[ATTACHMENT|test-results/auth-smoke-login-→-whoami-→-no-orchestrator-crash-chromium/trace.zip]]
]]>
</system-out>
</testcase>
</testsuite>
<testsuite name="auth-smoke.spec.ts" timestamp="2025-09-18T23:11:46.854Z" hostname="firefox" tests="1" failures="1" skipped="0" time="39.95" errors="0">
<testcase name="login → whoami → no orchestrator crash" classname="auth-smoke.spec.ts" time="39.95">
<failure message="auth-smoke.spec.ts:3:5 login → whoami → no orchestrator crash" type="FAILURE">
<![CDATA[  [firefox] › auth-smoke.spec.ts:3:5 › login → whoami → no orchestrator crash ──────────────────────

    Test timeout of 30000ms exceeded.

    Error: page.goto: Test timeout of 30000ms exceeded.
    Call log:
      - navigating to "http://localhost:3000/login", waiting until "load"


       6 |     expect(h.ok()).toBeTruthy();
       7 |
    >  8 |     await page.goto('http://localhost:3000/login');
         |                ^
       9 |     await page.getByLabel(/username/i).fill('admin');
      10 |     await page.getByLabel(/password/i).fill('ChangeMe!');
      11 |     await page.getByRole('button', { name: /log in/i }).click();
        at /Users/kingal/2025/GesahniV2/frontend/e2e/auth-smoke.spec.ts:8:16

    attachment #1: screenshot (image/png) ──────────────────────────────────────────────────────────
    ../test-results/auth-smoke-login-→-whoami-→-no-orchestrator-crash-firefox/test-failed-1.png
    ────────────────────────────────────────────────────────────────────────────────────────────────

    attachment #2: video (video/webm) ──────────────────────────────────────────────────────────────
    ../test-results/auth-smoke-login-→-whoami-→-no-orchestrator-crash-firefox/video.webm
    ────────────────────────────────────────────────────────────────────────────────────────────────

    Error Context: ../test-results/auth-smoke-login-→-whoami-→-no-orchestrator-crash-firefox/error-context.md

    attachment #4: trace (application/zip) ─────────────────────────────────────────────────────────
    ../test-results/auth-smoke-login-→-whoami-→-no-orchestrator-crash-firefox/trace.zip
    Usage:

        npx playwright show-trace ../test-results/auth-smoke-login-→-whoami-→-no-orchestrator-crash-firefox/trace.zip

    ────────────────────────────────────────────────────────────────────────────────────────────────
]]>
</failure>
<system-out>
<![CDATA[
[[ATTACHMENT|test-results/auth-smoke-login-→-whoami-→-no-orchestrator-crash-firefox/test-failed-1.png]]

[[ATTACHMENT|test-results/auth-smoke-login-→-whoami-→-no-orchestrator-crash-firefox/video.webm]]

[[ATTACHMENT|test-results/auth-smoke-login-→-whoami-→-no-orchestrator-crash-firefox/error-context.md]]

[[ATTACHMENT|test-results/auth-smoke-login-→-whoami-→-no-orchestrator-crash-firefox/trace.zip]]
]]>
</system-out>
</testcase>
</testsuite>
<testsuite name="auth-smoke.spec.ts" timestamp="2025-09-18T23:11:46.854Z" hostname="webkit" tests="1" failures="1" skipped="0" time="60.004" errors="0">
<testcase name="login → whoami → no orchestrator crash" classname="auth-smoke.spec.ts" time="60.004">
<failure message="auth-smoke.spec.ts:3:5 login → whoami → no orchestrator crash" type="FAILURE">
<![CDATA[  [webkit] › auth-smoke.spec.ts:3:5 › login → whoami → no orchestrator crash ───────────────────────

    Test timeout of 30000ms exceeded.

    Error: page.goto: Test timeout of 30000ms exceeded.
    Call log:
      - navigating to "http://localhost:3000/login", waiting until "load"


       6 |     expect(h.ok()).toBeTruthy();
       7 |
    >  8 |     await page.goto('http://localhost:3000/login');
         |                ^
       9 |     await page.getByLabel(/username/i).fill('admin');
      10 |     await page.getByLabel(/password/i).fill('ChangeMe!');
      11 |     await page.getByRole('button', { name: /log in/i }).click();
        at /Users/kingal/2025/GesahniV2/frontend/e2e/auth-smoke.spec.ts:8:16

    Tearing down "context" exceeded the test timeout of 30000ms.

    attachment #1: trace (application/zip) ─────────────────────────────────────────────────────────
    ../test-results/auth-smoke-login-→-whoami-→-no-orchestrator-crash-webkit/trace.zip
    Usage:

        npx playwright show-trace ../test-results/auth-smoke-login-→-whoami-→-no-orchestrator-crash-webkit/trace.zip

    ────────────────────────────────────────────────────────────────────────────────────────────────
]]>
</failure>
<system-out>
<![CDATA[
[[ATTACHMENT|test-results/auth-smoke-login-→-whoami-→-no-orchestrator-crash-webkit/trace.zip]]
]]>
</system-out>
</testcase>
</testsuite>
<testsuite name="auth-smoke.spec.ts" timestamp="2025-09-18T23:11:46.854Z" hostname="Mobile Chrome" tests="1" failures="1" skipped="0" time="39.504" errors="0">
<testcase name="login → whoami → no orchestrator crash" classname="auth-smoke.spec.ts" time="39.504">
<failure message="auth-smoke.spec.ts:3:5 login → whoami → no orchestrator crash" type="FAILURE">
<![CDATA[  [Mobile Chrome] › auth-smoke.spec.ts:3:5 › login → whoami → no orchestrator crash ────────────────

    Test timeout of 30000ms exceeded.

    Error: locator.click: Test timeout of 30000ms exceeded.
    Call log:
      - waiting for getByRole('button', { name: /log in/i })


       9 |     await page.getByLabel(/username/i).fill('admin');
      10 |     await page.getByLabel(/password/i).fill('ChangeMe!');
    > 11 |     await page.getByRole('button', { name: /log in/i }).click();
         |                                                         ^
      12 |
      13 |     await page.waitForURL(/dashboard|chat|\/$/, { timeout: 15000 });
      14 |
        at /Users/kingal/2025/GesahniV2/frontend/e2e/auth-smoke.spec.ts:11:57

    attachment #1: screenshot (image/png) ──────────────────────────────────────────────────────────
    ../test-results/auth-smoke-login-→-whoami-→-no-orchestrator-crash-Mobile-Chrome/test-failed-1.png
    ────────────────────────────────────────────────────────────────────────────────────────────────

    attachment #2: video (video/webm) ──────────────────────────────────────────────────────────────
    ../test-results/auth-smoke-login-→-whoami-→-no-orchestrator-crash-Mobile-Chrome/video.webm
    ────────────────────────────────────────────────────────────────────────────────────────────────

    Error Context: ../test-results/auth-smoke-login-→-whoami-→-no-orchestrator-crash-Mobile-Chrome/error-context.md

    attachment #4: trace (application/zip) ─────────────────────────────────────────────────────────
    ../test-results/auth-smoke-login-→-whoami-→-no-orchestrator-crash-Mobile-Chrome/trace.zip
    Usage:

        npx playwright show-trace ../test-results/auth-smoke-login-→-whoami-→-no-orchestrator-crash-Mobile-Chrome/trace.zip

    ────────────────────────────────────────────────────────────────────────────────────────────────
]]>
</failure>
<system-out>
<![CDATA[
[[ATTACHMENT|test-results/auth-smoke-login-→-whoami-→-no-orchestrator-crash-Mobile-Chrome/test-failed-1.png]]

[[ATTACHMENT|test-results/auth-smoke-login-→-whoami-→-no-orchestrator-crash-Mobile-Chrome/video.webm]]

[[ATTACHMENT|test-results/auth-smoke-login-→-whoami-→-no-orchestrator-crash-Mobile-Chrome/error-context.md]]

[[ATTACHMENT|test-results/auth-smoke-login-→-whoami-→-no-orchestrator-crash-Mobile-Chrome/trace.zip]]
]]>
</system-out>
</testcase>
</testsuite>
<testsuite name="auth-smoke.spec.ts" timestamp="2025-09-18T23:11:46.854Z" hostname="Mobile Safari" tests="1" failures="1" skipped="0" time="47.643" errors="0">
<testcase name="login → whoami → no orchestrator crash" classname="auth-smoke.spec.ts" time="47.643">
<failure message="auth-smoke.spec.ts:3:5 login → whoami → no orchestrator crash" type="FAILURE">
<![CDATA[  [Mobile Safari] › auth-smoke.spec.ts:3:5 › login → whoami → no orchestrator crash ────────────────

    Test timeout of 30000ms exceeded.

    Error: page.goto: Test timeout of 30000ms exceeded.
    Call log:
      - navigating to "http://localhost:3000/login", waiting until "load"


       6 |     expect(h.ok()).toBeTruthy();
       7 |
    >  8 |     await page.goto('http://localhost:3000/login');
         |                ^
       9 |     await page.getByLabel(/username/i).fill('admin');
      10 |     await page.getByLabel(/password/i).fill('ChangeMe!');
      11 |     await page.getByRole('button', { name: /log in/i }).click();
        at /Users/kingal/2025/GesahniV2/frontend/e2e/auth-smoke.spec.ts:8:16

    attachment #1: video (video/webm) ──────────────────────────────────────────────────────────────
    ../test-results/auth-smoke-login-→-whoami-→-no-orchestrator-crash-Mobile-Safari/video.webm
    ────────────────────────────────────────────────────────────────────────────────────────────────

    attachment #2: trace (application/zip) ─────────────────────────────────────────────────────────
    ../test-results/auth-smoke-login-→-whoami-→-no-orchestrator-crash-Mobile-Safari/trace.zip
    Usage:

        npx playwright show-trace ../test-results/auth-smoke-login-→-whoami-→-no-orchestrator-crash-Mobile-Safari/trace.zip

    ────────────────────────────────────────────────────────────────────────────────────────────────
]]>
</failure>
<system-out>
<![CDATA[
[[ATTACHMENT|test-results/auth-smoke-login-→-whoami-→-no-orchestrator-crash-Mobile-Safari/video.webm]]

[[ATTACHMENT|test-results/auth-smoke-login-→-whoami-→-no-orchestrator-crash-Mobile-Safari/trace.zip]]
]]>
</system-out>
</testcase>
</testsuite>
</testsuites>
